  wxutil.cpp
  wxlist.cpp
  wxdebug.cpp
  winutil.cpp
  winctrl.cpp
  vtrans.cpp
  videoctl.cpp
  transip.cpp
  transfrm.cpp
  sysclock.cpp
  strmctl.cpp
  source.cpp
  seekpt.cpp
  schedule.cpp
  renbase.cpp
  refclock.cpp
  pullpin.cpp
  pstream.cpp
  perflog.cpp
  outputq.cpp
  Generating Code...
  Compiling...
  mtype.cpp
  dllsetup.cpp
  dllentry.cpp
  ddmm.cpp
  ctlutil.cpp
  cprop.cpp
  combase.cpp
  arithutil.cpp
  amvideo.cpp
  amfilter.cpp
  amextra.cpp
  Generating Code...
C:\Program Files (x86)\MSBuild\Microsoft.Cpp\v4.0\V140\Microsoft.CppBuild.targets(1357,5): warning MSB8012: TargetPath(F:\vsProject\Filter\AudioPlayCapture\trunk\src\AudioPlayCapture\baseclasses\lib\x64\Debug_MBCS\BaseClasses.lib) does not match the Library's OutputFile property value (F:\vsProject\Filter\AudioPlayCapture\trunk\src\AudioPlayCapture\baseclasses\lib\x64\Debug_MBCS\strmbase.lib). This may cause your project to build incorrectly. To correct this, please make sure that $(OutDir), $(TargetName) and $(TargetExt) property values match the value specified in %(Lib.OutputFile).
C:\Program Files (x86)\MSBuild\Microsoft.Cpp\v4.0\V140\Microsoft.CppBuild.targets(1359,5): warning MSB8012: TargetName(BaseClasses) does not match the Library's OutputFile property value (strmbase). This may cause your project to build incorrectly. To correct this, please make sure that $(OutDir), $(TargetName) and $(TargetExt) property values match the value specified in %(Lib.OutputFile).
  BaseClasses.vcxproj -> F:\vsProject\Filter\AudioPlayCapture\trunk\src\AudioPlayCapture\baseclasses\lib\x64\Debug_MBCS\BaseClasses.lib
