f:\vsproject\gitdemo\videofilterdemo\videofilterdemo\debug\vc140.pdb
f:\vsproject\gitdemo\videofilterdemo\debug\filterdemo.lib
f:\vsproject\gitdemo\videofilterdemo\debug\filterdemo.exp
f:\vsproject\gitdemo\videofilterdemo\debug\filterdemo.ilk
f:\vsproject\gitdemo\videofilterdemo\debug\filterdemo.dll
f:\vsproject\gitdemo\videofilterdemo\debug\filterdemo.pdb
f:\vsproject\gitdemo\videofilterdemo\videofilterdemo\debug\videofilterdemo.res
f:\vsproject\gitdemo\videofilterdemo\videofilterdemo\debug\filterdemo.obj
f:\vsproject\gitdemo\videofilterdemo\videofilterdemo\debug\filterdemopage.obj
f:\vsproject\gitdemo\videofilterdemo\videofilterdemo\debug\filterinputpin.obj
f:\vsproject\gitdemo\videofilterdemo\videofilterdemo\debug\filteroutputpin.obj
f:\vsproject\gitdemo\videofilterdemo\videofilterdemo\debug\filterpinpage.obj
f:\vsproject\gitdemo\videofilterdemo\videofilterdemo\debug\setup.obj
f:\vsproject\gitdemo\videofilterdemo\videofilterdemo\debug\videofilterdemo.obj
f:\vsproject\gitdemo\videofilterdemo\videofilterdemo\debug\videofilterdemopage.obj
f:\vsproject\gitdemo\videofilterdemo\videofilterdemo\debug\videofilterinputpin.obj
f:\vsproject\gitdemo\videofilterdemo\videofilterdemo\debug\videofilteroutputpin.obj
f:\vsproject\gitdemo\videofilterdemo\videofilterdemo\debug\vc140.idb
f:\vsproject\gitdemo\videofilterdemo\videofilterdemo\debug\filterdemo.tlog\cl.command.1.tlog
f:\vsproject\gitdemo\videofilterdemo\videofilterdemo\debug\filterdemo.tlog\cl.write.1.tlog
f:\vsproject\gitdemo\videofilterdemo\videofilterdemo\debug\filterdemo.tlog\filterdemo.write.1u.tlog
f:\vsproject\gitdemo\videofilterdemo\videofilterdemo\debug\filterdemo.tlog\link.command.1.tlog
f:\vsproject\gitdemo\videofilterdemo\videofilterdemo\debug\filterdemo.tlog\link.read.1.tlog
f:\vsproject\gitdemo\videofilterdemo\videofilterdemo\debug\filterdemo.tlog\link.write.1.tlog
f:\vsproject\gitdemo\videofilterdemo\videofilterdemo\debug\filterdemo.tlog\rc.command.1.tlog
f:\vsproject\gitdemo\videofilterdemo\videofilterdemo\debug\filterdemo.tlog\rc.read.1.tlog
f:\vsproject\gitdemo\videofilterdemo\videofilterdemo\debug\filterdemo.tlog\rc.write.1.tlog
